<?xml version="1.0" encoding="UTF-8"?>
<!-- Generated by org.testng.reporters.JUnitReportReporter -->
<testsuite hostname="Aditya" failures="0" tests="4" name="tests.MenuTests" time="83.219" errors="0" timestamp="2025-09-07T20:49:20 IST" skipped="0">
  <testcase classname="tests.MenuTests" name="verifyUserCanLogout" time="16.894"/>
  <testcase classname="tests.MenuTests" name="verifyAllMenuOptionsVisible" time="17.643"/>
  <testcase classname="tests.MenuTests" name="verifyAboutLink" time="22.399"/>
  <testcase classname="tests.MenuTests" name="verifyResetAppState" time="26.283"/>
</testsuite> <!-- tests.MenuTests -->
