<?xml version="1.0" encoding="UTF-8"?>
<!-- Generated by org.testng.reporters.JUnitReportReporter -->
<testsuite hostname="Aditya" failures="0" tests="8" name="tests.LoginTests" time="80.830" errors="0" timestamp="2025-09-07T20:49:20 IST" skipped="0">
  <testcase classname="tests.LoginTests" name="lockedOutUserLogin" time="6.523"/>
  <testcase classname="tests.LoginTests" name="invalidLoginWrongUsername" time="9.082"/>
  <testcase classname="tests.LoginTests" name="verifyUrlAndTitleAfterLogin" time="7.406"/>
  <testcase classname="tests.LoginTests" name="errorMessageDisappearsAfterRetry" time="17.294"/>
  <testcase classname="tests.LoginTests" name="performanceGlitchUserLogin" time="13.407"/>
  <testcase classname="tests.LoginTests" name="validLogin" time="8.044"/>
  <testcase classname="tests.LoginTests" name="blankFieldsLogin" time="12.399"/>
  <testcase classname="tests.LoginTests" name="invalidLoginWrongPassword" time="6.675"/>
</testsuite> <!-- tests.LoginTests -->
