<?xml version="1.0" encoding="UTF-8"?>
<!-- Generated by org.testng.reporters.JUnitReportReporter -->
<testsuite hostname="Aditya" failures="0" tests="8" name="tests.InventoryTests" time="115.016" errors="0" timestamp="2025-09-07T20:49:20 IST" skipped="0">
  <testcase classname="tests.InventoryTests" name="sortProductsByPriceLowToHigh" time="12.334"/>
  <testcase classname="tests.InventoryTests" name="sortProductsByNameZA" time="12.985"/>
  <testcase classname="tests.InventoryTests" name="addMultipleProductsToCart" time="13.888"/>
  <testcase classname="tests.InventoryTests" name="sortProductsByPriceHighToLow" time="12.673"/>
  <testcase classname="tests.InventoryTests" name="removeProductFromCart" time="20.156"/>
  <testcase classname="tests.InventoryTests" name="verifyProductsDisplayed" time="12.847"/>
  <testcase classname="tests.InventoryTests" name="addSingleProductToCart" time="16.399"/>
  <testcase classname="tests.InventoryTests" name="sortProductsByNameAZ" time="13.734"/>
</testsuite> <!-- tests.InventoryTests -->
