<?xml version="1.0" encoding="UTF-8"?>
<!-- Generated by org.testng.reporters.JUnitReportReporter -->
<testsuite hostname="Aditya" failures="0" tests="10" name="tests.CheckoutTests" time="219.667" errors="0" timestamp="2025-09-07T21:02:48 IST" skipped="0">
  <testcase classname="tests.CheckoutTests" name="verifyBackToProductsButtonWorks" time="25.901"/>
  <testcase classname="tests.CheckoutTests" name="checkoutWithMissingLastName" time="19.052"/>
  <testcase classname="tests.CheckoutTests" name="finishButtonCompletesOrder" time="21.651"/>
  <testcase classname="tests.CheckoutTests" name="checkoutWithValidDetails" time="18.135"/>
  <testcase classname="tests.CheckoutTests" name="checkoutWithMissingFirstName" time="21.629"/>
  <testcase classname="tests.CheckoutTests" name="checkoutWithMissingPostalCode" time="23.994"/>
  <testcase classname="tests.CheckoutTests" name="verifyCheckoutOverviewPage" time="23.878"/>
  <testcase classname="tests.CheckoutTests" name="cancelCheckout" time="21.897"/>
  <testcase classname="tests.CheckoutTests" name="invalidZipCodeFormat" time="21.279"/>
  <testcase classname="tests.CheckoutTests" name="verifySuccessMessageAfterOrder" time="22.251"/>
</testsuite> <!-- tests.CheckoutTests -->
