<?xml version="1.0" encoding="UTF-8"?>
<!-- Generated by org.testng.reporters.JUnitReportReporter -->
<testsuite hostname="Aditya" failures="0" tests="6" name="tests.CartTests" time="116.370" errors="0" timestamp="2025-09-07T21:02:48 IST" skipped="0">
  <testcase classname="tests.CartTests" name="continueShoppingButtonWorks" time="16.010"/>
  <testcase classname="tests.CartTests" name="verifyCartIsEmptyAfterRemovingItems" time="28.999"/>
  <testcase classname="tests.CartTests" name="checkoutButtonWorks" time="18.633"/>
  <testcase classname="tests.CartTests" name="verifyCartBadgeIncreases" time="20.931"/>
  <testcase classname="tests.CartTests" name="verifyNavigatingToCartPage" time="13.611"/>
  <testcase classname="tests.CartTests" name="verifyProductDetailsInCart" time="18.186"/>
</testsuite> <!-- tests.CartTests -->
