<?xml version="1.0" encoding="UTF-8"?>
<!-- Generated by org.testng.reporters.JUnitReportReporter -->
<testsuite hostname="Aditya" failures="0" tests="4" name="tests.UITests" time="54.587" errors="0" timestamp="2025-09-07T20:49:20 IST" skipped="0">
  <testcase classname="tests.UITests" name="verifyFooterLinks" time="10.675"/>
  <testcase classname="tests.UITests" name="verifyPageTitleAndLogoConsistency" time="16.806"/>
  <testcase classname="tests.UITests" name="verifyBackButtonAfterLogout" time="16.569"/>
  <testcase classname="tests.UITests" name="verifyLoginPageUIElements" time="10.537"/>
</testsuite> <!-- tests.UITests -->
